This file contains any messages produced by compilers while
running configure, to aid debugging if configure makes a mistake.

It was created by libssd1306 configure 0.6, which was
generated by GNU Autoconf 2.69.  Invocation command line was

  $ ./configure 

## --------- ##
## Platform. ##
## --------- ##

hostname = ian-raspi4
uname -m = aarch64
uname -r = 5.8.0-1013-raspi
uname -s = Linux
uname -v = #16-Ubuntu SMP PREEMPT Thu Jan 14 06:28:38 UTC 2021

/usr/bin/uname -p = aarch64
/bin/uname -X     = unknown

/bin/arch              = aarch64
/usr/bin/arch -k       = unknown
/usr/convex/getsysinfo = unknown
/usr/bin/hostinfo      = unknown
/bin/machine           = unknown
/usr/bin/oslevel       = unknown
/bin/universe          = unknown

PATH: /usr/local/sbin
PATH: /usr/local/bin
PATH: /usr/sbin
PATH: /usr/bin
PATH: /sbin
PATH: /bin
PATH: /usr/games
PATH: /usr/local/games
PATH: /snap/bin


## ----------- ##
## Core tests. ##
## ----------- ##

configure:2536: checking for a BSD-compatible install
configure:2604: result: /usr/bin/install -c
configure:2615: checking whether build environment is sane
configure:2670: result: yes
configure:2819: checking for a thread-safe mkdir -p
configure:2858: result: /usr/bin/mkdir -p
configure:2865: checking for gawk
configure:2895: result: no
configure:2865: checking for mawk
configure:2881: found /usr/bin/mawk
configure:2892: result: mawk
configure:2903: checking whether make sets $(MAKE)
configure:2925: result: yes
configure:2954: checking whether make supports nested variables
configure:2971: result: yes
configure:3156: checking for gcc
configure:3172: found /usr/bin/gcc
configure:3183: result: gcc
configure:3412: checking for C compiler version
configure:3421: gcc --version >&5
gcc (Ubuntu 10.2.0-13ubuntu1) 10.2.0
Copyright (C) 2020 Free Software Foundation, Inc.
This is free software; see the source for copying conditions.  There is NO
warranty; not even for MERCHANTABILITY or FITNESS FOR A PARTICULAR PURPOSE.

configure:3432: $? = 0
configure:3421: gcc -v >&5
Using built-in specs.
COLLECT_GCC=gcc
COLLECT_LTO_WRAPPER=/usr/lib/gcc/aarch64-linux-gnu/10/lto-wrapper
Target: aarch64-linux-gnu
Configured with: ../src/configure -v --with-pkgversion='Ubuntu 10.2.0-13ubuntu1' --with-bugurl=file:///usr/share/doc/gcc-10/README.Bugs --enable-languages=c,ada,c++,go,d,fortran,objc,obj-c++,m2 --prefix=/usr --with-gcc-major-version-only --program-suffix=-10 --program-prefix=aarch64-linux-gnu- --enable-shared --enable-linker-build-id --libexecdir=/usr/lib --without-included-gettext --enable-threads=posix --libdir=/usr/lib --enable-nls --enable-clocale=gnu --enable-libstdcxx-debug --enable-libstdcxx-time=yes --with-default-libstdcxx-abi=new --enable-gnu-unique-object --disable-libquadmath --disable-libquadmath-support --enable-plugin --enable-default-pie --with-system-zlib --enable-libphobos-checking=release --with-target-system-zlib=auto --enable-objc-gc=auto --enable-multiarch --enable-fix-cortex-a53-843419 --disable-werror --enable-checking=release --build=aarch64-linux-gnu --host=aarch64-linux-gnu --target=aarch64-linux-gnu
Thread model: posix
Supported LTO compression algorithms: zlib zstd
gcc version 10.2.0 (Ubuntu 10.2.0-13ubuntu1) 
configure:3432: $? = 0
configure:3421: gcc -V >&5
gcc: error: unrecognized command-line option '-V'
gcc: fatal error: no input files
compilation terminated.
configure:3432: $? = 1
configure:3421: gcc -qversion >&5
gcc: error: unrecognized command-line option '-qversion'; did you mean '--version'?
gcc: fatal error: no input files
compilation terminated.
configure:3432: $? = 1
configure:3452: checking whether the C compiler works
configure:3474: gcc    conftest.c  >&5
configure:3478: $? = 0
configure:3526: result: yes
configure:3529: checking for C compiler default output file name
configure:3531: result: a.out
configure:3537: checking for suffix of executables
configure:3544: gcc -o conftest    conftest.c  >&5
configure:3548: $? = 0
configure:3570: result: 
configure:3592: checking whether we are cross compiling
configure:3600: gcc -o conftest    conftest.c  >&5
configure:3604: $? = 0
configure:3611: ./conftest
configure:3615: $? = 0
configure:3603: result: no
configure:3608: checking for suffix of object files
configure:3630: gcc -c   conftest.c >&5
configure:3634: $? = 0
configure:3655: result: o
configure:3659: checking whether we are using the GNU C compiler
configure:3678: gcc -c   conftest.c >&5
configure:3678: $? = 0
configure:3687: result: yes
configure:3696: checking whether gcc accepts -g
configure:3716: gcc -c -g  conftest.c >&5
configure:3716: $? = 0
configure:3757: result: yes
configure:3774: checking for gcc option to accept ISO C89
configure:3837: gcc  -c -g -O2  conftest.c >&5
configure:3837: $? = 0
configure:3850: result: none needed
configure:3875: checking whether gcc understands -c and -o together
configure:3897: gcc -c conftest.c -o conftest2.o
configure:3900: $? = 0
configure:3897: gcc -c conftest.c -o conftest2.o
configure:3900: $? = 0
configure:3912: result: yes
configure:3932: checking whether make supports the include directive
configure:3947: make -f confmf.GNU && cat confinc.out
this is the am__doit target
configure:3950: $? = 0
configure:3969: result: yes (GNU style)
configure:3994: checking dependency style of gcc
configure:4105: result: gcc3
configure:4150: checking build system type
configure:4164: result: aarch64-unknown-linux-gnu
configure:4184: checking host system type
configure:4197: result: aarch64-unknown-linux-gnu
configure:4238: checking how to print strings
configure:4265: result: printf
configure:4286: checking for a sed that does not truncate output
configure:4350: result: /usr/bin/sed
configure:4368: checking for grep that handles long lines and -e
configure:4426: result: /usr/bin/grep
configure:4431: checking for egrep
configure:4493: result: /usr/bin/grep -E
configure:4498: checking for fgrep
configure:4560: result: /usr/bin/grep -F
configure:4595: checking for ld used by gcc
configure:4662: result: /usr/bin/ld
configure:4669: checking if the linker (/usr/bin/ld) is GNU ld
configure:4684: result: yes
configure:4696: checking for BSD- or MS-compatible name lister (nm)
configure:4750: result: /usr/bin/nm -B
configure:4880: checking the name lister (/usr/bin/nm -B) interface
configure:4887: gcc -c -g -O2  conftest.c >&5
configure:4890: /usr/bin/nm -B "conftest.o"
configure:4893: output
0000000000000000 B some_variable
configure:4894: result: BSD nm
configure:4897: checking whether ln -s works
configure:4901: result: yes
configure:4909: checking the maximum length of command line arguments
configure:5040: result: 1572864
configure:5088: checking how to convert aarch64-unknown-linux-gnu file names to aarch64-unknown-linux-gnu format
configure:5128: result: func_convert_file_noop
configure:5135: checking how to convert aarch64-unknown-linux-gnu file names to toolchain format
configure:5155: result: func_convert_file_noop
configure:5162: checking for /usr/bin/ld option to reload object files
configure:5169: result: -r
configure:5243: checking for objdump
configure:5259: found /usr/bin/objdump
configure:5270: result: objdump
configure:5302: checking how to recognize dependent libraries
configure:5502: result: pass_all
configure:5587: checking for dlltool
configure:5617: result: no
configure:5647: checking how to associate runtime and link libraries
configure:5674: result: printf %s\n
configure:5735: checking for ar
configure:5751: found /usr/bin/ar
configure:5762: result: ar
configure:5799: checking for archiver @FILE support
configure:5816: gcc -c -g -O2  conftest.c >&5
configure:5816: $? = 0
configure:5819: ar cr libconftest.a @conftest.lst >&5
configure:5822: $? = 0
configure:5827: ar cr libconftest.a @conftest.lst >&5
ar: conftest.o: No such file or directory
configure:5830: $? = 1
configure:5829: result: @
configure:5887: checking for strip
configure:5903: found /usr/bin/strip
configure:5914: result: strip
configure:5986: checking for ranlib
configure:6002: found /usr/bin/ranlib
configure:6013: result: ranlib
configure:6115: checking command to parse /usr/bin/nm -B output from gcc object
configure:6268: gcc -c -g -O2  conftest.c >&5
configure:6271: $? = 0
configure:6275: /usr/bin/nm -B conftest.o | sed -n -e 's/^.*[	 ]\([ABCDGIRSTW][ABCDGIRSTW]*\)[	 ][	 ]*\([_A-Za-z][_A-Za-z0-9]*\)$/\1 \2 \2/p' | sed '/ __gnu_lto/d' > conftest.nm
configure:6341: gcc -o conftest -g -O2   conftest.c conftstm.o >&5
configure:6344: $? = 0
configure:6382: result: ok
configure:6429: checking for sysroot
configure:6459: result: no
configure:6466: checking for a working dd
configure:6504: result: /usr/bin/dd
configure:6508: checking how to truncate binary pipes
configure:6523: result: /usr/bin/dd bs=4096 count=1
configure:6852: checking for mt
configure:6868: found /usr/bin/mt
configure:6879: result: mt
configure:6902: checking if mt is a manifest tool
configure:6908: mt '-?'
configure:6916: result: no
configure:7593: checking how to run the C preprocessor
configure:7624: gcc -E  conftest.c
configure:7624: $? = 0
configure:7638: gcc -E  conftest.c
conftest.c:11:10: fatal error: ac_nonexistent.h: No such file or directory
   11 | #include <ac_nonexistent.h>
      |          ^~~~~~~~~~~~~~~~~~
compilation terminated.
configure:7638: $? = 1
configure: failed program was:
| /* confdefs.h */
| #define PACKAGE_NAME "libssd1306"
| #define PACKAGE_TARNAME "libssd1306"
| #define PACKAGE_VERSION "0.6"
| #define PACKAGE_STRING "libssd1306 0.6"
| #define PACKAGE_BUGREPORT "github@stealthylabs.com"
| #define PACKAGE_URL ""
| #define PACKAGE "libssd1306"
| #define VERSION "0.6"
| /* end confdefs.h.  */
| #include <ac_nonexistent.h>
configure:7663: result: gcc -E
configure:7683: gcc -E  conftest.c
configure:7683: $? = 0
configure:7697: gcc -E  conftest.c
conftest.c:11:10: fatal error: ac_nonexistent.h: No such file or directory
   11 | #include <ac_nonexistent.h>
      |          ^~~~~~~~~~~~~~~~~~
compilation terminated.
configure:7697: $? = 1
configure: failed program was:
| /* confdefs.h */
| #define PACKAGE_NAME "libssd1306"
| #define PACKAGE_TARNAME "libssd1306"
| #define PACKAGE_VERSION "0.6"
| #define PACKAGE_STRING "libssd1306 0.6"
| #define PACKAGE_BUGREPORT "github@stealthylabs.com"
| #define PACKAGE_URL ""
| #define PACKAGE "libssd1306"
| #define VERSION "0.6"
| /* end confdefs.h.  */
| #include <ac_nonexistent.h>
configure:7726: checking for ANSI C header files
configure:7746: gcc -c -g -O2  conftest.c >&5
configure:7746: $? = 0
configure:7819: gcc -o conftest -g -O2   conftest.c  >&5
configure:7819: $? = 0
configure:7819: ./conftest
configure:7819: $? = 0
configure:7830: result: yes
configure:7843: checking for sys/types.h
configure:7843: gcc -c -g -O2  conftest.c >&5
configure:7843: $? = 0
configure:7843: result: yes
configure:7843: checking for sys/stat.h
configure:7843: gcc -c -g -O2  conftest.c >&5
configure:7843: $? = 0
configure:7843: result: yes
configure:7843: checking for stdlib.h
configure:7843: gcc -c -g -O2  conftest.c >&5
configure:7843: $? = 0
configure:7843: result: yes
configure:7843: checking for string.h
configure:7843: gcc -c -g -O2  conftest.c >&5
configure:7843: $? = 0
configure:7843: result: yes
configure:7843: checking for memory.h
configure:7843: gcc -c -g -O2  conftest.c >&5
configure:7843: $? = 0
configure:7843: result: yes
configure:7843: checking for strings.h
configure:7843: gcc -c -g -O2  conftest.c >&5
configure:7843: $? = 0
configure:7843: result: yes
configure:7843: checking for inttypes.h
configure:7843: gcc -c -g -O2  conftest.c >&5
configure:7843: $? = 0
configure:7843: result: yes
configure:7843: checking for stdint.h
configure:7843: gcc -c -g -O2  conftest.c >&5
configure:7843: $? = 0
configure:7843: result: yes
configure:7843: checking for unistd.h
configure:7843: gcc -c -g -O2  conftest.c >&5
configure:7843: $? = 0
configure:7843: result: yes
configure:7857: checking for dlfcn.h
configure:7857: gcc -c -g -O2  conftest.c >&5
configure:7857: $? = 0
configure:7857: result: yes
configure:8111: checking for objdir
configure:8126: result: .libs
configure:8390: checking if gcc supports -fno-rtti -fno-exceptions
configure:8408: gcc -c -g -O2  -fno-rtti -fno-exceptions conftest.c >&5
cc1: warning: command-line option '-fno-rtti' is valid for C++/D/ObjC++ but not for C
configure:8412: $? = 0
configure:8425: result: no
configure:8789: checking for gcc option to produce PIC
configure:8796: result: -fPIC -DPIC
configure:8804: checking if gcc PIC flag -fPIC -DPIC works
configure:8822: gcc -c -g -O2  -fPIC -DPIC -DPIC conftest.c >&5
configure:8826: $? = 0
configure:8839: result: yes
configure:8868: checking if gcc static flag -static works
configure:8896: result: yes
configure:8911: checking if gcc supports -c -o file.o
configure:8932: gcc -c -g -O2  -o out/conftest2.o conftest.c >&5
configure:8936: $? = 0
configure:8958: result: yes
configure:8966: checking if gcc supports -c -o file.o
configure:9013: result: yes
configure:9046: checking whether the gcc linker (/usr/bin/ld) supports shared libraries
configure:10309: result: yes
configure:10346: checking whether -lc should be explicitly linked in
configure:10354: gcc -c -g -O2  conftest.c >&5
configure:10357: $? = 0
configure:10372: gcc -shared  -fPIC -DPIC conftest.o  -v -Wl,-soname -Wl,conftest -o conftest 2\>\&1 \| /usr/bin/grep  -lc  \>/dev/null 2\>\&1
configure:10375: $? = 0
configure:10389: result: no
configure:10549: checking dynamic linker characteristics
configure:11130: gcc -o conftest -g -O2   -Wl,-rpath -Wl,/foo conftest.c  >&5
configure:11130: $? = 0
configure:11379: result: GNU/Linux ld.so
configure:11501: checking how to hardcode library paths into programs
configure:11526: result: immediate
configure:12074: checking whether stripping libraries is possible
configure:12079: result: yes
configure:12114: checking if libtool supports shared libraries
configure:12116: result: yes
configure:12119: checking whether to build shared libraries
configure:12144: result: yes
configure:12147: checking whether to build static libraries
configure:12151: result: no
configure:9027: checking for sys/wait.h that is POSIX.1 compatible
configure:9053: gcc -c   conftest.c >&5
configure:9053: $? = 0
configure:9060: result: yes
configure:9068: checking whether time.h and sys/time.h may both be included
configure:9088: gcc -c   conftest.c >&5
configure:9088: $? = 0
configure:9095: result: yes
configure:9103: checking for ANSI C header files
configure:9207: result: yes
configure:9218: checking errno.h usability
configure:9218: gcc -c   conftest.c >&5
configure:9218: $? = 0
configure:9218: result: yes
configure:9218: checking errno.h presence
configure:9218: gcc -E  conftest.c
configure:9218: $? = 0
configure:9218: result: yes
configure:9218: checking for errno.h
configure:9218: result: yes
configure:9218: checking features.h usability
configure:9218: gcc -c   conftest.c >&5
configure:9218: $? = 0
configure:9218: result: yes
configure:9218: checking features.h presence
configure:9218: gcc -E  conftest.c
configure:9218: $? = 0
configure:9218: result: yes
configure:9218: checking for features.h
configure:9218: result: yes
configure:9218: checking fcntl.h usability
configure:9218: gcc -c   conftest.c >&5
configure:9218: $? = 0
configure:9218: result: yes
configure:9218: checking fcntl.h presence
configure:9218: gcc -E  conftest.c
configure:9218: $? = 0
configure:9218: result: yes
configure:9218: checking for fcntl.h
configure:9218: result: yes
configure:9218: checking for inttypes.h
configure:9218: result: yes
configure:9218: checking math.h usability
configure:9218: gcc -c   conftest.c >&5
configure:9218: $? = 0
configure:9218: result: yes
configure:9218: checking math.h presence
configure:9218: gcc -E  conftest.c
configure:9218: $? = 0
configure:9218: result: yes
configure:9218: checking for math.h
configure:9218: result: yes
configure:9231: checking sys/ioctl.h usability
configure:9231: gcc -c   conftest.c >&5
configure:9231: $? = 0
configure:9231: result: yes
configure:9231: checking sys/ioctl.h presence
configure:9231: gcc -E  conftest.c
configure:9231: $? = 0
configure:9231: result: yes
configure:9231: checking for sys/ioctl.h
configure:9231: result: yes
configure:9231: checking for unistd.h
configure:9231: result: yes
configure:9231: checking stdio.h usability
configure:9231: gcc -c   conftest.c >&5
configure:9231: $? = 0
configure:9231: result: yes
configure:9231: checking stdio.h presence
configure:9231: gcc -E  conftest.c
configure:9231: $? = 0
configure:9231: result: yes
configure:9231: checking for stdio.h
configure:9231: result: yes
configure:9231: checking linux/i2c-dev.h usability
configure:9231: gcc -c   conftest.c >&5
configure:9231: $? = 0
configure:9231: result: yes
configure:9231: checking linux/i2c-dev.h presence
configure:9231: gcc -E  conftest.c
configure:9231: $? = 0
configure:9231: result: yes
configure:9231: checking for linux/i2c-dev.h
configure:9231: result: yes
configure:9231: checking ctype.h usability
configure:9231: gcc -c   conftest.c >&5
configure:9231: $? = 0
configure:9231: result: yes
configure:9231: checking ctype.h presence
configure:9231: gcc -E  conftest.c
configure:9231: $? = 0
configure:9231: result: yes
configure:9231: checking for ctype.h
configure:9231: result: yes
configure:9231: checking for sys/stat.h
configure:9231: result: yes
configure:9231: checking for sys/types.h
configure:9231: result: yes
configure:9243: checking for size_t
configure:9243: gcc -c   conftest.c >&5
configure:9243: $? = 0
configure:9243: gcc -c   conftest.c >&5
conftest.c: In function 'main':
conftest.c:74:21: error: expected expression before ')' token
   74 | if (sizeof ((size_t)))
      |                     ^
configure:9243: $? = 1
configure: failed program was:
| /* confdefs.h */
| #define PACKAGE_NAME "libssd1306"
| #define PACKAGE_TARNAME "libssd1306"
| #define PACKAGE_VERSION "0.6"
| #define PACKAGE_STRING "libssd1306 0.6"
| #define PACKAGE_BUGREPORT "github@stealthylabs.com"
| #define PACKAGE_URL ""
| #define PACKAGE "libssd1306"
| #define VERSION "0.6"
| #define STDC_HEADERS 1
| #define HAVE_SYS_TYPES_H 1
| #define HAVE_SYS_STAT_H 1
| #define HAVE_STDLIB_H 1
| #define HAVE_STRING_H 1
| #define HAVE_MEMORY_H 1
| #define HAVE_STRINGS_H 1
| #define HAVE_INTTYPES_H 1
| #define HAVE_STDINT_H 1
| #define HAVE_UNISTD_H 1
| #define HAVE_DLFCN_H 1
| #define LT_OBJDIR ".libs/"
| #define HAVE_SYS_WAIT_H 1
| #define TIME_WITH_SYS_TIME 1
| #define STDC_HEADERS 1
| #define HAVE_ERRNO_H 1
| #define HAVE_FEATURES_H 1
| #define HAVE_FCNTL_H 1
| #define HAVE_INTTYPES_H 1
| #define HAVE_MATH_H 1
| #define HAVE_SYS_IOCTL_H 1
| #define HAVE_UNISTD_H 1
| #define HAVE_STDIO_H 1
| #define HAVE_LINUX_I2C_DEV_H 1
| #define HAVE_CTYPE_H 1
| #define HAVE_SYS_STAT_H 1
| #define HAVE_SYS_TYPES_H 1
| /* end confdefs.h.  */
| #include <stdio.h>
| #ifdef HAVE_SYS_TYPES_H
| # include <sys/types.h>
| #endif
| #ifdef HAVE_SYS_STAT_H
| # include <sys/stat.h>
| #endif
| #ifdef STDC_HEADERS
| # include <stdlib.h>
| # include <stddef.h>
| #else
| # ifdef HAVE_STDLIB_H
| #  include <stdlib.h>
| # endif
| #endif
| #ifdef HAVE_STRING_H
| # if !defined STDC_HEADERS && defined HAVE_MEMORY_H
| #  include <memory.h>
| # endif
| # include <string.h>
| #endif
| #ifdef HAVE_STRINGS_H
| # include <strings.h>
| #endif
| #ifdef HAVE_INTTYPES_H
| # include <inttypes.h>
| #endif
| #ifdef HAVE_STDINT_H
| # include <stdint.h>
| #endif
| #ifdef HAVE_UNISTD_H
| # include <unistd.h>
| #endif
| int
| main ()
| {
| if (sizeof ((size_t)))
| 	    return 0;
|   ;
|   return 0;
| }
configure:9243: result: yes
configure:9254: checking for ssize_t
configure:9254: gcc -c   conftest.c >&5
configure:9254: $? = 0
configure:9254: gcc -c   conftest.c >&5
conftest.c: In function 'main':
conftest.c:74:22: error: expected expression before ')' token
   74 | if (sizeof ((ssize_t)))
      |                      ^
configure:9254: $? = 1
configure: failed program was:
| /* confdefs.h */
| #define PACKAGE_NAME "libssd1306"
| #define PACKAGE_TARNAME "libssd1306"
| #define PACKAGE_VERSION "0.6"
| #define PACKAGE_STRING "libssd1306 0.6"
| #define PACKAGE_BUGREPORT "github@stealthylabs.com"
| #define PACKAGE_URL ""
| #define PACKAGE "libssd1306"
| #define VERSION "0.6"
| #define STDC_HEADERS 1
| #define HAVE_SYS_TYPES_H 1
| #define HAVE_SYS_STAT_H 1
| #define HAVE_STDLIB_H 1
| #define HAVE_STRING_H 1
| #define HAVE_MEMORY_H 1
| #define HAVE_STRINGS_H 1
| #define HAVE_INTTYPES_H 1
| #define HAVE_STDINT_H 1
| #define HAVE_UNISTD_H 1
| #define HAVE_DLFCN_H 1
| #define LT_OBJDIR ".libs/"
| #define HAVE_SYS_WAIT_H 1
| #define TIME_WITH_SYS_TIME 1
| #define STDC_HEADERS 1
| #define HAVE_ERRNO_H 1
| #define HAVE_FEATURES_H 1
| #define HAVE_FCNTL_H 1
| #define HAVE_INTTYPES_H 1
| #define HAVE_MATH_H 1
| #define HAVE_SYS_IOCTL_H 1
| #define HAVE_UNISTD_H 1
| #define HAVE_STDIO_H 1
| #define HAVE_LINUX_I2C_DEV_H 1
| #define HAVE_CTYPE_H 1
| #define HAVE_SYS_STAT_H 1
| #define HAVE_SYS_TYPES_H 1
| /* end confdefs.h.  */
| #include <stdio.h>
| #ifdef HAVE_SYS_TYPES_H
| # include <sys/types.h>
| #endif
| #ifdef HAVE_SYS_STAT_H
| # include <sys/stat.h>
| #endif
| #ifdef STDC_HEADERS
| # include <stdlib.h>
| # include <stddef.h>
| #else
| # ifdef HAVE_STDLIB_H
| #  include <stdlib.h>
| # endif
| #endif
| #ifdef HAVE_STRING_H
| # if !defined STDC_HEADERS && defined HAVE_MEMORY_H
| #  include <memory.h>
| # endif
| # include <string.h>
| #endif
| #ifdef HAVE_STRINGS_H
| # include <strings.h>
| #endif
| #ifdef HAVE_INTTYPES_H
| # include <inttypes.h>
| #endif
| #ifdef HAVE_STDINT_H
| # include <stdint.h>
| #endif
| #ifdef HAVE_UNISTD_H
| # include <unistd.h>
| #endif
| int
| main ()
| {
| if (sizeof ((ssize_t)))
| 	    return 0;
|   ;
|   return 0;
| }
configure:9254: result: yes
configure:9265: checking for uint64_t
configure:9265: gcc -c   conftest.c >&5
configure:9265: $? = 0
configure:9265: result: yes
configure:9279: checking for int64_t
configure:9279: gcc -c   conftest.c >&5
configure:9279: $? = 0
configure:9279: gcc -c   conftest.c >&5
conftest.c: In function 'main':
conftest.c:76:53: warning: integer overflow in expression of type 'long int' results in '-9223372036854775808' [-Woverflow]
   76 |    < (int64_t) (((((int64_t) 1 << N) << N) - 1) * 2 + 2))];
      |                                                     ^
conftest.c:75:12: error: storage size of 'test_array' isn't constant
   75 | static int test_array [1 - 2 * !((int64_t) (((((int64_t) 1 << N) << N) - 1) * 2 + 1)
      |            ^~~~~~~~~~
configure:9279: $? = 1
configure: failed program was:
| /* confdefs.h */
| #define PACKAGE_NAME "libssd1306"
| #define PACKAGE_TARNAME "libssd1306"
| #define PACKAGE_VERSION "0.6"
| #define PACKAGE_STRING "libssd1306 0.6"
| #define PACKAGE_BUGREPORT "github@stealthylabs.com"
| #define PACKAGE_URL ""
| #define PACKAGE "libssd1306"
| #define VERSION "0.6"
| #define STDC_HEADERS 1
| #define HAVE_SYS_TYPES_H 1
| #define HAVE_SYS_STAT_H 1
| #define HAVE_STDLIB_H 1
| #define HAVE_STRING_H 1
| #define HAVE_MEMORY_H 1
| #define HAVE_STRINGS_H 1
| #define HAVE_INTTYPES_H 1
| #define HAVE_STDINT_H 1
| #define HAVE_UNISTD_H 1
| #define HAVE_DLFCN_H 1
| #define LT_OBJDIR ".libs/"
| #define HAVE_SYS_WAIT_H 1
| #define TIME_WITH_SYS_TIME 1
| #define STDC_HEADERS 1
| #define HAVE_ERRNO_H 1
| #define HAVE_FEATURES_H 1
| #define HAVE_FCNTL_H 1
| #define HAVE_INTTYPES_H 1
| #define HAVE_MATH_H 1
| #define HAVE_SYS_IOCTL_H 1
| #define HAVE_UNISTD_H 1
| #define HAVE_STDIO_H 1
| #define HAVE_LINUX_I2C_DEV_H 1
| #define HAVE_CTYPE_H 1
| #define HAVE_SYS_STAT_H 1
| #define HAVE_SYS_TYPES_H 1
| /* end confdefs.h.  */
| #include <stdio.h>
| #ifdef HAVE_SYS_TYPES_H
| # include <sys/types.h>
| #endif
| #ifdef HAVE_SYS_STAT_H
| # include <sys/stat.h>
| #endif
| #ifdef STDC_HEADERS
| # include <stdlib.h>
| # include <stddef.h>
| #else
| # ifdef HAVE_STDLIB_H
| #  include <stdlib.h>
| # endif
| #endif
| #ifdef HAVE_STRING_H
| # if !defined STDC_HEADERS && defined HAVE_MEMORY_H
| #  include <memory.h>
| # endif
| # include <string.h>
| #endif
| #ifdef HAVE_STRINGS_H
| # include <strings.h>
| #endif
| #ifdef HAVE_INTTYPES_H
| # include <inttypes.h>
| #endif
| #ifdef HAVE_STDINT_H
| # include <stdint.h>
| #endif
| #ifdef HAVE_UNISTD_H
| # include <unistd.h>
| #endif
| 	        enum { N = 64 / 2 - 1 };
| int
| main ()
| {
| static int test_array [1 - 2 * !((int64_t) (((((int64_t) 1 << N) << N) - 1) * 2 + 1)
| 		 < (int64_t) (((((int64_t) 1 << N) << N) - 1) * 2 + 2))];
| test_array [0] = 0;
| return test_array [0];
| 
|   ;
|   return 0;
| }
configure:9279: result: yes
configure:9290: checking for uint32_t
configure:9290: gcc -c   conftest.c >&5
configure:9290: $? = 0
configure:9290: result: yes
configure:9304: checking for int32_t
configure:9304: gcc -c   conftest.c >&5
configure:9304: $? = 0
configure:9304: gcc -c   conftest.c >&5
conftest.c: In function 'main':
conftest.c:76:53: warning: integer overflow in expression of type 'int' results in '-2147483648' [-Woverflow]
   76 |    < (int32_t) (((((int32_t) 1 << N) << N) - 1) * 2 + 2))];
      |                                                     ^
conftest.c:75:12: error: storage size of 'test_array' isn't constant
   75 | static int test_array [1 - 2 * !((int32_t) (((((int32_t) 1 << N) << N) - 1) * 2 + 1)
      |            ^~~~~~~~~~
configure:9304: $? = 1
configure: failed program was:
| /* confdefs.h */
| #define PACKAGE_NAME "libssd1306"
| #define PACKAGE_TARNAME "libssd1306"
| #define PACKAGE_VERSION "0.6"
| #define PACKAGE_STRING "libssd1306 0.6"
| #define PACKAGE_BUGREPORT "github@stealthylabs.com"
| #define PACKAGE_URL ""
| #define PACKAGE "libssd1306"
| #define VERSION "0.6"
| #define STDC_HEADERS 1
| #define HAVE_SYS_TYPES_H 1
| #define HAVE_SYS_STAT_H 1
| #define HAVE_STDLIB_H 1
| #define HAVE_STRING_H 1
| #define HAVE_MEMORY_H 1
| #define HAVE_STRINGS_H 1
| #define HAVE_INTTYPES_H 1
| #define HAVE_STDINT_H 1
| #define HAVE_UNISTD_H 1
| #define HAVE_DLFCN_H 1
| #define LT_OBJDIR ".libs/"
| #define HAVE_SYS_WAIT_H 1
| #define TIME_WITH_SYS_TIME 1
| #define STDC_HEADERS 1
| #define HAVE_ERRNO_H 1
| #define HAVE_FEATURES_H 1
| #define HAVE_FCNTL_H 1
| #define HAVE_INTTYPES_H 1
| #define HAVE_MATH_H 1
| #define HAVE_SYS_IOCTL_H 1
| #define HAVE_UNISTD_H 1
| #define HAVE_STDIO_H 1
| #define HAVE_LINUX_I2C_DEV_H 1
| #define HAVE_CTYPE_H 1
| #define HAVE_SYS_STAT_H 1
| #define HAVE_SYS_TYPES_H 1
| /* end confdefs.h.  */
| #include <stdio.h>
| #ifdef HAVE_SYS_TYPES_H
| # include <sys/types.h>
| #endif
| #ifdef HAVE_SYS_STAT_H
| # include <sys/stat.h>
| #endif
| #ifdef STDC_HEADERS
| # include <stdlib.h>
| # include <stddef.h>
| #else
| # ifdef HAVE_STDLIB_H
| #  include <stdlib.h>
| # endif
| #endif
| #ifdef HAVE_STRING_H
| # if !defined STDC_HEADERS && defined HAVE_MEMORY_H
| #  include <memory.h>
| # endif
| # include <string.h>
| #endif
| #ifdef HAVE_STRINGS_H
| # include <strings.h>
| #endif
| #ifdef HAVE_INTTYPES_H
| # include <inttypes.h>
| #endif
| #ifdef HAVE_STDINT_H
| # include <stdint.h>
| #endif
| #ifdef HAVE_UNISTD_H
| # include <unistd.h>
| #endif
| 	        enum { N = 32 / 2 - 1 };
| int
| main ()
| {
| static int test_array [1 - 2 * !((int32_t) (((((int32_t) 1 << N) << N) - 1) * 2 + 1)
| 		 < (int32_t) (((((int32_t) 1 << N) << N) - 1) * 2 + 2))];
| test_array [0] = 0;
| return test_array [0];
| 
|   ;
|   return 0;
| }
configure:9304: result: yes
configure:9315: checking for uint16_t
configure:9315: gcc -c   conftest.c >&5
configure:9315: $? = 0
configure:9315: result: yes
configure:9327: checking for int16_t
configure:9327: gcc -c   conftest.c >&5
configure:9327: $? = 0
configure:9327: gcc -c   conftest.c >&5
conftest.c: In function 'main':
conftest.c:75:12: error: size of array 'test_array' is negative
   75 | static int test_array [1 - 2 * !((int16_t) (((((int16_t) 1 << N) << N) - 1) * 2 + 1)
      |            ^~~~~~~~~~
configure:9327: $? = 1
configure: failed program was:
| /* confdefs.h */
| #define PACKAGE_NAME "libssd1306"
| #define PACKAGE_TARNAME "libssd1306"
| #define PACKAGE_VERSION "0.6"
| #define PACKAGE_STRING "libssd1306 0.6"
| #define PACKAGE_BUGREPORT "github@stealthylabs.com"
| #define PACKAGE_URL ""
| #define PACKAGE "libssd1306"
| #define VERSION "0.6"
| #define STDC_HEADERS 1
| #define HAVE_SYS_TYPES_H 1
| #define HAVE_SYS_STAT_H 1
| #define HAVE_STDLIB_H 1
| #define HAVE_STRING_H 1
| #define HAVE_MEMORY_H 1
| #define HAVE_STRINGS_H 1
| #define HAVE_INTTYPES_H 1
| #define HAVE_STDINT_H 1
| #define HAVE_UNISTD_H 1
| #define HAVE_DLFCN_H 1
| #define LT_OBJDIR ".libs/"
| #define HAVE_SYS_WAIT_H 1
| #define TIME_WITH_SYS_TIME 1
| #define STDC_HEADERS 1
| #define HAVE_ERRNO_H 1
| #define HAVE_FEATURES_H 1
| #define HAVE_FCNTL_H 1
| #define HAVE_INTTYPES_H 1
| #define HAVE_MATH_H 1
| #define HAVE_SYS_IOCTL_H 1
| #define HAVE_UNISTD_H 1
| #define HAVE_STDIO_H 1
| #define HAVE_LINUX_I2C_DEV_H 1
| #define HAVE_CTYPE_H 1
| #define HAVE_SYS_STAT_H 1
| #define HAVE_SYS_TYPES_H 1
| /* end confdefs.h.  */
| #include <stdio.h>
| #ifdef HAVE_SYS_TYPES_H
| # include <sys/types.h>
| #endif
| #ifdef HAVE_SYS_STAT_H
| # include <sys/stat.h>
| #endif
| #ifdef STDC_HEADERS
| # include <stdlib.h>
| # include <stddef.h>
| #else
| # ifdef HAVE_STDLIB_H
| #  include <stdlib.h>
| # endif
| #endif
| #ifdef HAVE_STRING_H
| # if !defined STDC_HEADERS && defined HAVE_MEMORY_H
| #  include <memory.h>
| # endif
| # include <string.h>
| #endif
| #ifdef HAVE_STRINGS_H
| # include <strings.h>
| #endif
| #ifdef HAVE_INTTYPES_H
| # include <inttypes.h>
| #endif
| #ifdef HAVE_STDINT_H
| # include <stdint.h>
| #endif
| #ifdef HAVE_UNISTD_H
| # include <unistd.h>
| #endif
| 	        enum { N = 16 / 2 - 1 };
| int
| main ()
| {
| static int test_array [1 - 2 * !((int16_t) (((((int16_t) 1 << N) << N) - 1) * 2 + 1)
| 		 < (int16_t) (((((int16_t) 1 << N) << N) - 1) * 2 + 2))];
| test_array [0] = 0;
| return test_array [0];
| 
|   ;
|   return 0;
| }
configure:9327: result: yes
configure:9338: checking for uint8_t
configure:9338: gcc -c   conftest.c >&5
configure:9338: $? = 0
configure:9338: result: yes
configure:9352: checking for int8_t
configure:9352: gcc -c   conftest.c >&5
configure:9352: $? = 0
configure:9352: gcc -c   conftest.c >&5
conftest.c: In function 'main':
conftest.c:75:12: error: size of array 'test_array' is negative
   75 | static int test_array [1 - 2 * !((int8_t) (((((int8_t) 1 << N) << N) - 1) * 2 + 1)
      |            ^~~~~~~~~~
configure:9352: $? = 1
configure: failed program was:
| /* confdefs.h */
| #define PACKAGE_NAME "libssd1306"
| #define PACKAGE_TARNAME "libssd1306"
| #define PACKAGE_VERSION "0.6"
| #define PACKAGE_STRING "libssd1306 0.6"
| #define PACKAGE_BUGREPORT "github@stealthylabs.com"
| #define PACKAGE_URL ""
| #define PACKAGE "libssd1306"
| #define VERSION "0.6"
| #define STDC_HEADERS 1
| #define HAVE_SYS_TYPES_H 1
| #define HAVE_SYS_STAT_H 1
| #define HAVE_STDLIB_H 1
| #define HAVE_STRING_H 1
| #define HAVE_MEMORY_H 1
| #define HAVE_STRINGS_H 1
| #define HAVE_INTTYPES_H 1
| #define HAVE_STDINT_H 1
| #define HAVE_UNISTD_H 1
| #define HAVE_DLFCN_H 1
| #define LT_OBJDIR ".libs/"
| #define HAVE_SYS_WAIT_H 1
| #define TIME_WITH_SYS_TIME 1
| #define STDC_HEADERS 1
| #define HAVE_ERRNO_H 1
| #define HAVE_FEATURES_H 1
| #define HAVE_FCNTL_H 1
| #define HAVE_INTTYPES_H 1
| #define HAVE_MATH_H 1
| #define HAVE_SYS_IOCTL_H 1
| #define HAVE_UNISTD_H 1
| #define HAVE_STDIO_H 1
| #define HAVE_LINUX_I2C_DEV_H 1
| #define HAVE_CTYPE_H 1
| #define HAVE_SYS_STAT_H 1
| #define HAVE_SYS_TYPES_H 1
| /* end confdefs.h.  */
| #include <stdio.h>
| #ifdef HAVE_SYS_TYPES_H
| # include <sys/types.h>
| #endif
| #ifdef HAVE_SYS_STAT_H
| # include <sys/stat.h>
| #endif
| #ifdef STDC_HEADERS
| # include <stdlib.h>
| # include <stddef.h>
| #else
| # ifdef HAVE_STDLIB_H
| #  include <stdlib.h>
| # endif
| #endif
| #ifdef HAVE_STRING_H
| # if !defined STDC_HEADERS && defined HAVE_MEMORY_H
| #  include <memory.h>
| # endif
| # include <string.h>
| #endif
| #ifdef HAVE_STRINGS_H
| # include <strings.h>
| #endif
| #ifdef HAVE_INTTYPES_H
| # include <inttypes.h>
| #endif
| #ifdef HAVE_STDINT_H
| # include <stdint.h>
| #endif
| #ifdef HAVE_UNISTD_H
| # include <unistd.h>
| #endif
| 	        enum { N = 8 / 2 - 1 };
| int
| main ()
| {
| static int test_array [1 - 2 * !((int8_t) (((((int8_t) 1 << N) << N) - 1) * 2 + 1)
| 		 < (int8_t) (((((int8_t) 1 << N) << N) - 1) * 2 + 2))];
| test_array [0] = 0;
| return test_array [0];
| 
|   ;
|   return 0;
| }
configure:9352: result: yes
configure:9364: checking for uintptr_t
configure:9364: gcc -c   conftest.c >&5
configure:9364: $? = 0
configure:9364: gcc -c   conftest.c >&5
conftest.c: In function 'main':
conftest.c:74:24: error: expected expression before ')' token
   74 | if (sizeof ((uintptr_t)))
      |                        ^
configure:9364: $? = 1
configure: failed program was:
| /* confdefs.h */
| #define PACKAGE_NAME "libssd1306"
| #define PACKAGE_TARNAME "libssd1306"
| #define PACKAGE_VERSION "0.6"
| #define PACKAGE_STRING "libssd1306 0.6"
| #define PACKAGE_BUGREPORT "github@stealthylabs.com"
| #define PACKAGE_URL ""
| #define PACKAGE "libssd1306"
| #define VERSION "0.6"
| #define STDC_HEADERS 1
| #define HAVE_SYS_TYPES_H 1
| #define HAVE_SYS_STAT_H 1
| #define HAVE_STDLIB_H 1
| #define HAVE_STRING_H 1
| #define HAVE_MEMORY_H 1
| #define HAVE_STRINGS_H 1
| #define HAVE_INTTYPES_H 1
| #define HAVE_STDINT_H 1
| #define HAVE_UNISTD_H 1
| #define HAVE_DLFCN_H 1
| #define LT_OBJDIR ".libs/"
| #define HAVE_SYS_WAIT_H 1
| #define TIME_WITH_SYS_TIME 1
| #define STDC_HEADERS 1
| #define HAVE_ERRNO_H 1
| #define HAVE_FEATURES_H 1
| #define HAVE_FCNTL_H 1
| #define HAVE_INTTYPES_H 1
| #define HAVE_MATH_H 1
| #define HAVE_SYS_IOCTL_H 1
| #define HAVE_UNISTD_H 1
| #define HAVE_STDIO_H 1
| #define HAVE_LINUX_I2C_DEV_H 1
| #define HAVE_CTYPE_H 1
| #define HAVE_SYS_STAT_H 1
| #define HAVE_SYS_TYPES_H 1
| /* end confdefs.h.  */
| #include <stdio.h>
| #ifdef HAVE_SYS_TYPES_H
| # include <sys/types.h>
| #endif
| #ifdef HAVE_SYS_STAT_H
| # include <sys/stat.h>
| #endif
| #ifdef STDC_HEADERS
| # include <stdlib.h>
| # include <stddef.h>
| #else
| # ifdef HAVE_STDLIB_H
| #  include <stdlib.h>
| # endif
| #endif
| #ifdef HAVE_STRING_H
| # if !defined STDC_HEADERS && defined HAVE_MEMORY_H
| #  include <memory.h>
| # endif
| # include <string.h>
| #endif
| #ifdef HAVE_STRINGS_H
| # include <strings.h>
| #endif
| #ifdef HAVE_INTTYPES_H
| # include <inttypes.h>
| #endif
| #ifdef HAVE_STDINT_H
| # include <stdint.h>
| #endif
| #ifdef HAVE_UNISTD_H
| # include <unistd.h>
| #endif
| int
| main ()
| {
| if (sizeof ((uintptr_t)))
| 	    return 0;
|   ;
|   return 0;
| }
configure:9364: result: yes
configure:9401: checking for intptr_t
configure:9401: gcc -c   conftest.c >&5
configure:9401: $? = 0
configure:9401: gcc -c   conftest.c >&5
conftest.c: In function 'main':
conftest.c:75:23: error: expected expression before ')' token
   75 | if (sizeof ((intptr_t)))
      |                       ^
configure:9401: $? = 1
configure: failed program was:
| /* confdefs.h */
| #define PACKAGE_NAME "libssd1306"
| #define PACKAGE_TARNAME "libssd1306"
| #define PACKAGE_VERSION "0.6"
| #define PACKAGE_STRING "libssd1306 0.6"
| #define PACKAGE_BUGREPORT "github@stealthylabs.com"
| #define PACKAGE_URL ""
| #define PACKAGE "libssd1306"
| #define VERSION "0.6"
| #define STDC_HEADERS 1
| #define HAVE_SYS_TYPES_H 1
| #define HAVE_SYS_STAT_H 1
| #define HAVE_STDLIB_H 1
| #define HAVE_STRING_H 1
| #define HAVE_MEMORY_H 1
| #define HAVE_STRINGS_H 1
| #define HAVE_INTTYPES_H 1
| #define HAVE_STDINT_H 1
| #define HAVE_UNISTD_H 1
| #define HAVE_DLFCN_H 1
| #define LT_OBJDIR ".libs/"
| #define HAVE_SYS_WAIT_H 1
| #define TIME_WITH_SYS_TIME 1
| #define STDC_HEADERS 1
| #define HAVE_ERRNO_H 1
| #define HAVE_FEATURES_H 1
| #define HAVE_FCNTL_H 1
| #define HAVE_INTTYPES_H 1
| #define HAVE_MATH_H 1
| #define HAVE_SYS_IOCTL_H 1
| #define HAVE_UNISTD_H 1
| #define HAVE_STDIO_H 1
| #define HAVE_LINUX_I2C_DEV_H 1
| #define HAVE_CTYPE_H 1
| #define HAVE_SYS_STAT_H 1
| #define HAVE_SYS_TYPES_H 1
| #define HAVE_UINTPTR_T 1
| /* end confdefs.h.  */
| #include <stdio.h>
| #ifdef HAVE_SYS_TYPES_H
| # include <sys/types.h>
| #endif
| #ifdef HAVE_SYS_STAT_H
| # include <sys/stat.h>
| #endif
| #ifdef STDC_HEADERS
| # include <stdlib.h>
| # include <stddef.h>
| #else
| # ifdef HAVE_STDLIB_H
| #  include <stdlib.h>
| # endif
| #endif
| #ifdef HAVE_STRING_H
| # if !defined STDC_HEADERS && defined HAVE_MEMORY_H
| #  include <memory.h>
| # endif
| # include <string.h>
| #endif
| #ifdef HAVE_STRINGS_H
| # include <strings.h>
| #endif
| #ifdef HAVE_INTTYPES_H
| # include <inttypes.h>
| #endif
| #ifdef HAVE_STDINT_H
| # include <stdint.h>
| #endif
| #ifdef HAVE_UNISTD_H
| # include <unistd.h>
| #endif
| int
| main ()
| {
| if (sizeof ((intptr_t)))
| 	    return 0;
|   ;
|   return 0;
| }
configure:9401: result: yes
configure:9436: checking for stdbool.h that conforms to C99
configure:9503: gcc -c   conftest.c >&5
configure:9503: $? = 0
configure:9510: result: yes
configure:9512: checking for _Bool
configure:9512: gcc -c   conftest.c >&5
configure:9512: $? = 0
configure:9512: gcc -c   conftest.c >&5
conftest.c: In function 'main':
conftest.c:76:20: error: expected expression before ')' token
   76 | if (sizeof ((_Bool)))
      |                    ^
configure:9512: $? = 1
configure: failed program was:
| /* confdefs.h */
| #define PACKAGE_NAME "libssd1306"
| #define PACKAGE_TARNAME "libssd1306"
| #define PACKAGE_VERSION "0.6"
| #define PACKAGE_STRING "libssd1306 0.6"
| #define PACKAGE_BUGREPORT "github@stealthylabs.com"
| #define PACKAGE_URL ""
| #define PACKAGE "libssd1306"
| #define VERSION "0.6"
| #define STDC_HEADERS 1
| #define HAVE_SYS_TYPES_H 1
| #define HAVE_SYS_STAT_H 1
| #define HAVE_STDLIB_H 1
| #define HAVE_STRING_H 1
| #define HAVE_MEMORY_H 1
| #define HAVE_STRINGS_H 1
| #define HAVE_INTTYPES_H 1
| #define HAVE_STDINT_H 1
| #define HAVE_UNISTD_H 1
| #define HAVE_DLFCN_H 1
| #define LT_OBJDIR ".libs/"
| #define HAVE_SYS_WAIT_H 1
| #define TIME_WITH_SYS_TIME 1
| #define STDC_HEADERS 1
| #define HAVE_ERRNO_H 1
| #define HAVE_FEATURES_H 1
| #define HAVE_FCNTL_H 1
| #define HAVE_INTTYPES_H 1
| #define HAVE_MATH_H 1
| #define HAVE_SYS_IOCTL_H 1
| #define HAVE_UNISTD_H 1
| #define HAVE_STDIO_H 1
| #define HAVE_LINUX_I2C_DEV_H 1
| #define HAVE_CTYPE_H 1
| #define HAVE_SYS_STAT_H 1
| #define HAVE_SYS_TYPES_H 1
| #define HAVE_UINTPTR_T 1
| #define HAVE_INTPTR_T 1
| /* end confdefs.h.  */
| #include <stdio.h>
| #ifdef HAVE_SYS_TYPES_H
| # include <sys/types.h>
| #endif
| #ifdef HAVE_SYS_STAT_H
| # include <sys/stat.h>
| #endif
| #ifdef STDC_HEADERS
| # include <stdlib.h>
| # include <stddef.h>
| #else
| # ifdef HAVE_STDLIB_H
| #  include <stdlib.h>
| # endif
| #endif
| #ifdef HAVE_STRING_H
| # if !defined STDC_HEADERS && defined HAVE_MEMORY_H
| #  include <memory.h>
| # endif
| # include <string.h>
| #endif
| #ifdef HAVE_STRINGS_H
| # include <strings.h>
| #endif
| #ifdef HAVE_INTTYPES_H
| # include <inttypes.h>
| #endif
| #ifdef HAVE_STDINT_H
| # include <stdint.h>
| #endif
| #ifdef HAVE_UNISTD_H
| # include <unistd.h>
| #endif
| int
| main ()
| {
| if (sizeof ((_Bool)))
| 	    return 0;
|   ;
|   return 0;
| }
configure:9512: result: yes
configure:9529: checking for inline
configure:9545: gcc -c   conftest.c >&5
configure:9545: $? = 0
configure:9553: result: inline
configure:9573: checking whether strerror_r is declared
configure:9573: gcc -c   conftest.c >&5
configure:9573: $? = 0
configure:9573: result: yes
configure:9586: checking for strerror_r
configure:9586: gcc -o conftest    conftest.c  >&5
configure:9586: $? = 0
configure:9586: result: yes
configure:9595: checking whether strerror_r returns char *
configure:9619: gcc -c   conftest.c >&5
conftest.c: In function 'main':
conftest.c:82:13: error: invalid type argument of unary '*' (have 'int')
   82 |    char x = *strerror_r (0, buf, sizeof buf);
      |             ^~~~~~~~~~~~~~~~~~~~~~~~~~~~~~~~
conftest.c:83:14: warning: initialization of 'char *' from 'int' makes pointer from integer without a cast [-Wint-conversion]
   83 |    char *p = strerror_r (0, buf, sizeof buf);
      |              ^~~~~~~~~~
configure:9619: $? = 1
configure: failed program was:
| /* confdefs.h */
| #define PACKAGE_NAME "libssd1306"
| #define PACKAGE_TARNAME "libssd1306"
| #define PACKAGE_VERSION "0.6"
| #define PACKAGE_STRING "libssd1306 0.6"
| #define PACKAGE_BUGREPORT "github@stealthylabs.com"
| #define PACKAGE_URL ""
| #define PACKAGE "libssd1306"
| #define VERSION "0.6"
| #define STDC_HEADERS 1
| #define HAVE_SYS_TYPES_H 1
| #define HAVE_SYS_STAT_H 1
| #define HAVE_STDLIB_H 1
| #define HAVE_STRING_H 1
| #define HAVE_MEMORY_H 1
| #define HAVE_STRINGS_H 1
| #define HAVE_INTTYPES_H 1
| #define HAVE_STDINT_H 1
| #define HAVE_UNISTD_H 1
| #define HAVE_DLFCN_H 1
| #define LT_OBJDIR ".libs/"
| #define HAVE_SYS_WAIT_H 1
| #define TIME_WITH_SYS_TIME 1
| #define STDC_HEADERS 1
| #define HAVE_ERRNO_H 1
| #define HAVE_FEATURES_H 1
| #define HAVE_FCNTL_H 1
| #define HAVE_INTTYPES_H 1
| #define HAVE_MATH_H 1
| #define HAVE_SYS_IOCTL_H 1
| #define HAVE_UNISTD_H 1
| #define HAVE_STDIO_H 1
| #define HAVE_LINUX_I2C_DEV_H 1
| #define HAVE_CTYPE_H 1
| #define HAVE_SYS_STAT_H 1
| #define HAVE_SYS_TYPES_H 1
| #define HAVE_UINTPTR_T 1
| #define HAVE_INTPTR_T 1
| #define HAVE__BOOL 1
| #define HAVE_STDBOOL_H 1
| #define HAVE_DECL_STRERROR_R 1
| #define HAVE_STRERROR_R 1
| /* end confdefs.h.  */
| #include <stdio.h>
| #ifdef HAVE_SYS_TYPES_H
| # include <sys/types.h>
| #endif
| #ifdef HAVE_SYS_STAT_H
| # include <sys/stat.h>
| #endif
| #ifdef STDC_HEADERS
| # include <stdlib.h>
| # include <stddef.h>
| #else
| # ifdef HAVE_STDLIB_H
| #  include <stdlib.h>
| # endif
| #endif
| #ifdef HAVE_STRING_H
| # if !defined STDC_HEADERS && defined HAVE_MEMORY_H
| #  include <memory.h>
| # endif
| # include <string.h>
| #endif
| #ifdef HAVE_STRINGS_H
| # include <strings.h>
| #endif
| #ifdef HAVE_INTTYPES_H
| # include <inttypes.h>
| #endif
| #ifdef HAVE_STDINT_H
| # include <stdint.h>
| #endif
| #ifdef HAVE_UNISTD_H
| # include <unistd.h>
| #endif
| int
| main ()
| {
| 
| 	  char buf[100];
| 	  char x = *strerror_r (0, buf, sizeof buf);
| 	  char *p = strerror_r (0, buf, sizeof buf);
| 	  return !p || x;
| 
|   ;
|   return 0;
| }
configure:9657: result: no
configure:9668: checking for memset
configure:9668: gcc -o conftest    conftest.c  >&5
conftest.c:67:6: warning: conflicting types for built-in function 'memset'; expected 'void *(void *, int,  long unsigned int)' [-Wbuiltin-declaration-mismatch]
   67 | char memset ();
      |      ^~~~~~
conftest.c:55:1: note: 'memset' is declared in header '<string.h>'
   54 | # include <limits.h>
   55 | #else
configure:9668: $? = 0
configure:9668: result: yes
configure:9668: checking for strdup
configure:9668: gcc -o conftest    conftest.c  >&5
conftest.c:68:6: warning: conflicting types for built-in function 'strdup'; expected 'char *(const char *)' [-Wbuiltin-declaration-mismatch]
   68 | char strdup ();
      |      ^~~~~~
configure:9668: $? = 0
configure:9668: result: yes
configure:9668: checking for memcpy
configure:9668: gcc -o conftest    conftest.c  >&5
conftest.c:69:6: warning: conflicting types for built-in function 'memcpy'; expected 'void *(void *, const void *, long unsigned int)' [-Wbuiltin-declaration-mismatch]
   69 | char memcpy ();
      |      ^~~~~~
conftest.c:57:1: note: 'memcpy' is declared in header '<string.h>'
   56 | # include <limits.h>
   57 | #else
configure:9668: $? = 0
configure:9668: result: yes
configure:9668: checking for calloc
configure:9668: gcc -o conftest    conftest.c  >&5
conftest.c:70:6: warning: conflicting types for built-in function 'calloc'; expected 'void *(long unsigned int,  long unsigned int)' [-Wbuiltin-declaration-mismatch]
   70 | char calloc ();
      |      ^~~~~~
conftest.c:58:1: note: 'calloc' is declared in header '<stdlib.h>'
   57 | # include <limits.h>
   58 | #else
configure:9668: $? = 0
configure:9668: result: yes
configure:9668: checking for ioctl
configure:9668: gcc -o conftest    conftest.c  >&5
configure:9668: $? = 0
configure:9668: result: yes
configure:9668: checking for localtime_r
configure:9668: gcc -o conftest    conftest.c  >&5
configure:9668: $? = 0
configure:9668: result: yes
configure:9687: checking for pthreads support
configure:9845: checking whether gcc is Clang
configure:9870: result: no
configure:9932: checking whether pthreads work with "-pthread" and "-lpthread"
configure:10037: gcc -o conftest  -pthread   conftest.c -lpthread  >&5
configure:10037: $? = 0
configure:10046: result: yes
configure:10163: checking for joinable pthread attribute
configure:10181: gcc -o conftest  -pthread   conftest.c -lpthread  >&5
configure:10181: $? = 0
configure:10189: result: PTHREAD_CREATE_JOINABLE
configure:10203: checking whether more special flags are required for pthreads
configure:10216: result: no
configure:10224: checking for PTHREAD_PRIO_INHERIT
configure:10241: gcc -o conftest  -pthread   conftest.c -lpthread  >&5
configure:10241: $? = 0
configure:10250: result: yes
configure:10358: checking if threading is enabled... yes
configure:10362: checking whether to build with debug information
configure:10371: result: no
configure:10395: checking if freetype2 is installed
configure:10451: checking for pkg-config
configure:10469: found /usr/bin/pkg-config
configure:10481: result: /usr/bin/pkg-config
configure:10506: checking pkg-config is at least version 0.9.0
configure:10509: result: yes
configure:10519: checking for freetype2
configure:10526: $PKG_CONFIG --exists --print-errors "freetype2"
configure:10529: $? = 0
configure:10543: $PKG_CONFIG --exists --print-errors "freetype2"
configure:10546: $? = 0
configure:10590: result: yes
configure:10611: checking if libev is installed
configure:10615: checking for libev
configure:10622: $PKG_CONFIG --exists --print-errors "libev"
Package libev was not found in the pkg-config search path.
Perhaps you should add the directory containing `libev.pc'
to the PKG_CONFIG_PATH environment variable
No package 'libev' found
configure:10625: $? = 1
configure:10639: $PKG_CONFIG --exists --print-errors "libev"
Package libev was not found in the pkg-config search path.
Perhaps you should add the directory containing `libev.pc'
to the PKG_CONFIG_PATH environment variable
No package 'libev' found
configure:10642: $? = 1
configure:10656: result: no
No package 'libev' found
configure:10675: checking ev.h usability
configure:10675: gcc -c  -pthread  conftest.c >&5
configure:10675: $? = 0
configure:10675: result: yes
configure:10675: checking ev.h presence
configure:10675: gcc -E  conftest.c
configure:10675: $? = 0
configure:10675: result: yes
configure:10675: checking for ev.h
configure:10675: result: yes
configure:10687: checking for ev_run in -lev
configure:10712: gcc -o conftest  -pthread   conftest.c -lev  -lpthread  >&5
configure:10712: $? = 0
configure:10721: result: yes
configure:10924: checking that generated files are newer than configure
configure:10930: result: done
configure:10957: creating ./config.status

## ---------------------- ##
## Running config.status. ##
## ---------------------- ##

This file was extended by libssd1306 config.status 0.6, which was
generated by GNU Autoconf 2.69.  Invocation command line was

  CONFIG_FILES    = 
  CONFIG_HEADERS  = 
  CONFIG_LINKS    = 
  CONFIG_COMMANDS = 
  $ ./config.status 

on ian-raspi4

config.status:1131: creating Makefile
config.status:1131: creating src/Makefile
config.status:1131: creating examples/Makefile
config.status:1131: creating include/_ssd1306_config.h
config.status:1312: include/_ssd1306_config.h is unchanged
config.status:1360: executing include/ssd1306_config.h commands
config.status:1398: creating include/ssd1306_config.h - prefix LIBSSD1306 for include/_ssd1306_config.h defines
config.status:1420: include/ssd1306_config.h is unchanged
config.status:1360: executing depfiles commands
config.status:1526: cd src       && sed -e '/# am--include-marker/d' Makefile         | make -f - am--depfiles
make: Nothing to be done for 'am--depfiles'.
config.status:1531: $? = 0
config.status:1526: cd examples       && sed -e '/# am--include-marker/d' Makefile         | make -f - am--depfiles
make: Nothing to be done for 'am--depfiles'.
config.status:1531: $? = 0
config.status:1360: executing libtool commands

## ---------------- ##
## Cache variables. ##
## ---------------- ##

ac_cv_build=aarch64-unknown-linux-gnu
ac_cv_c_compiler_gnu=yes
ac_cv_c_inline=inline
ac_cv_c_int16_t=yes
ac_cv_c_int32_t=yes
ac_cv_c_int64_t=yes
ac_cv_c_int8_t=yes
ac_cv_c_uint16_t=yes
ac_cv_c_uint32_t=yes
ac_cv_c_uint64_t=yes
ac_cv_c_uint8_t=yes
ac_cv_env_CC_set=
ac_cv_env_CC_value=
ac_cv_env_CFLAGS_set=
ac_cv_env_CFLAGS_value=
ac_cv_env_CPPFLAGS_set=
ac_cv_env_CPPFLAGS_value=
ac_cv_env_CPP_set=
ac_cv_env_CPP_value=
ac_cv_env_FREETYPE2_CFLAGS_set=
ac_cv_env_FREETYPE2_CFLAGS_value=
ac_cv_env_FREETYPE2_LIBS_set=
ac_cv_env_FREETYPE2_LIBS_value=
ac_cv_env_LDFLAGS_set=
ac_cv_env_LDFLAGS_value=
ac_cv_env_LIBEV_CFLAGS_set=
ac_cv_env_LIBEV_CFLAGS_value=
ac_cv_env_LIBEV_LIBS_set=
ac_cv_env_LIBEV_LIBS_value=
ac_cv_env_LIBS_set=
ac_cv_env_LIBS_value=
ac_cv_env_LT_SYS_LIBRARY_PATH_set=
ac_cv_env_LT_SYS_LIBRARY_PATH_value=
ac_cv_env_PKG_CONFIG_LIBDIR_set=
ac_cv_env_PKG_CONFIG_LIBDIR_value=
ac_cv_env_PKG_CONFIG_PATH_set=
ac_cv_env_PKG_CONFIG_PATH_value=
ac_cv_env_PKG_CONFIG_set=
ac_cv_env_PKG_CONFIG_value=
ac_cv_env_build_alias_set=
ac_cv_env_build_alias_value=
ac_cv_env_host_alias_set=
ac_cv_env_host_alias_value=
ac_cv_env_target_alias_set=
ac_cv_env_target_alias_value=
ac_cv_func_calloc=yes
ac_cv_func_ioctl=yes
ac_cv_func_localtime_r=yes
ac_cv_func_memcpy=yes
ac_cv_func_memset=yes
ac_cv_func_strdup=yes
ac_cv_func_strerror_r=yes
ac_cv_func_strerror_r_char_p=no
ac_cv_have_decl_strerror_r=yes
ac_cv_header_ctype_h=yes
ac_cv_header_dlfcn_h=yes
ac_cv_header_errno_h=yes
ac_cv_header_ev_h=yes
ac_cv_header_fcntl_h=yes
ac_cv_header_features_h=yes
ac_cv_header_inttypes_h=yes
ac_cv_header_linux_i2c_dev_h=yes
ac_cv_header_math_h=yes
ac_cv_header_memory_h=yes
ac_cv_header_stdbool_h=yes
ac_cv_header_stdc=yes
ac_cv_header_stdint_h=yes
ac_cv_header_stdio_h=yes
ac_cv_header_stdlib_h=yes
ac_cv_header_string_h=yes
ac_cv_header_strings_h=yes
ac_cv_header_sys_ioctl_h=yes
ac_cv_header_sys_stat_h=yes
ac_cv_header_sys_types_h=yes
ac_cv_header_sys_wait_h=yes
ac_cv_header_time=yes
ac_cv_header_unistd_h=yes
ac_cv_host=aarch64-unknown-linux-gnu
ac_cv_lib_ev_ev_run=yes
ac_cv_objext=o
ac_cv_path_EGREP='/usr/bin/grep -E'
ac_cv_path_FGREP='/usr/bin/grep -F'
ac_cv_path_GREP=/usr/bin/grep
ac_cv_path_SED=/usr/bin/sed
ac_cv_path_ac_pt_PKG_CONFIG=/usr/bin/pkg-config
ac_cv_path_install='/usr/bin/install -c'
ac_cv_path_lt_DD=/usr/bin/dd
ac_cv_path_mkdir=/usr/bin/mkdir
ac_cv_prog_AWK=mawk
ac_cv_prog_CPP='gcc -E'
ac_cv_prog_ac_ct_AR=ar
ac_cv_prog_ac_ct_CC=gcc
ac_cv_prog_ac_ct_MANIFEST_TOOL=mt
ac_cv_prog_ac_ct_OBJDUMP=objdump
ac_cv_prog_ac_ct_RANLIB=ranlib
ac_cv_prog_ac_ct_STRIP=strip
ac_cv_prog_cc_c89=
ac_cv_prog_cc_g=yes
ac_cv_prog_make_make_set=yes
ac_cv_type__Bool=yes
ac_cv_type_intptr_t=yes
ac_cv_type_size_t=yes
ac_cv_type_ssize_t=yes
ac_cv_type_uintptr_t=yes
am_cv_CC_dependencies_compiler_type=gcc3
am_cv_make_support_nested_variables=yes
am_cv_prog_cc_c_o=yes
ax_cv_PTHREAD_CLANG=no
ax_cv_PTHREAD_JOINABLE_ATTR=PTHREAD_CREATE_JOINABLE
ax_cv_PTHREAD_PRIO_INHERIT=yes
ax_cv_PTHREAD_SPECIAL_FLAGS=no
lt_cv_ar_at_file=@
lt_cv_archive_cmds_need_lc=no
lt_cv_deplibs_check_method=pass_all
lt_cv_file_magic_cmd='$MAGIC_CMD'
lt_cv_file_magic_test_file=
lt_cv_ld_reload_flag=-r
lt_cv_nm_interface='BSD nm'
lt_cv_objdir=.libs
lt_cv_path_LD=/usr/bin/ld
lt_cv_path_NM='/usr/bin/nm -B'
lt_cv_path_mainfest_tool=no
lt_cv_prog_compiler_c_o=yes
lt_cv_prog_compiler_pic='-fPIC -DPIC'
lt_cv_prog_compiler_pic_works=yes
lt_cv_prog_compiler_rtti_exceptions=no
lt_cv_prog_compiler_static_works=yes
lt_cv_prog_gnu_ld=yes
lt_cv_sharedlib_from_linklib_cmd='printf %s\n'
lt_cv_shlibpath_overrides_runpath=yes
lt_cv_sys_global_symbol_pipe='sed -n -e '\''s/^.*[	 ]\([ABCDGIRSTW][ABCDGIRSTW]*\)[	 ][	 ]*\([_A-Za-z][_A-Za-z0-9]*\)$/\1 \2 \2/p'\'' | sed '\''/ __gnu_lto/d'\'''
lt_cv_sys_global_symbol_to_c_name_address='sed -n -e '\''s/^: \(.*\) .*$/  {"\1", (void *) 0},/p'\'' -e '\''s/^[ABCDGIRSTW][ABCDGIRSTW]* .* \(.*\)$/  {"\1", (void *) \&\1},/p'\'''
lt_cv_sys_global_symbol_to_c_name_address_lib_prefix='sed -n -e '\''s/^: \(.*\) .*$/  {"\1", (void *) 0},/p'\'' -e '\''s/^[ABCDGIRSTW][ABCDGIRSTW]* .* \(lib.*\)$/  {"\1", (void *) \&\1},/p'\'' -e '\''s/^[ABCDGIRSTW][ABCDGIRSTW]* .* \(.*\)$/  {"lib\1", (void *) \&\1},/p'\'''
lt_cv_sys_global_symbol_to_cdecl='sed -n -e '\''s/^T .* \(.*\)$/extern int \1();/p'\'' -e '\''s/^[ABCDGIRSTW][ABCDGIRSTW]* .* \(.*\)$/extern char \1;/p'\'''
lt_cv_sys_global_symbol_to_import=
lt_cv_sys_max_cmd_len=1572864
lt_cv_to_host_file_cmd=func_convert_file_noop
lt_cv_to_tool_file_cmd=func_convert_file_noop
lt_cv_truncate_bin='/usr/bin/dd bs=4096 count=1'
pkg_cv_FREETYPE2_CFLAGS='-I/usr/include/freetype2 -I/usr/include/libpng16'
pkg_cv_FREETYPE2_LIBS=-lfreetype

## ----------------- ##
## Output variables. ##
## ----------------- ##

ACLOCAL='${SHELL} /home/ian/src/libssd1306/missing aclocal-1.16'
AMDEPBACKSLASH='\'
AMDEP_FALSE='#'
AMDEP_TRUE=''
AMTAR='$${TAR-tar}'
AM_BACKSLASH='\'
AM_CFLAGS='-Wall -Wextra -Wno-uninitialized -fPIC -pedantic -std=c11 -D_DEFAULT_SOURCE -D_REENTRANT'
AM_DEFAULT_V='$(AM_DEFAULT_VERBOSITY)'
AM_DEFAULT_VERBOSITY='1'
AM_LDFLAGS=''
AM_V='$(V)'
AR='ar'
AUTOCONF='${SHELL} /home/ian/src/libssd1306/missing autoconf'
AUTOHEADER='${SHELL} /home/ian/src/libssd1306/missing autoheader'
AUTOMAKE='${SHELL} /home/ian/src/libssd1306/missing automake-1.16'
AWK='mawk'
CC='gcc'
CCDEPMODE='depmode=gcc3'
CFLAGS=' -pthread'
CPP='gcc -E'
CPPFLAGS=''
CYGPATH_W='echo'
DEFS='-DHAVE_CONFIG_H'
DEPDIR='.deps'
DLLTOOL='false'
DSYMUTIL=''
DUMPBIN=''
ECHO_C=''
ECHO_N='-n'
ECHO_T=''
EGREP='/usr/bin/grep -E'
EXEEXT=''
FGREP='/usr/bin/grep -F'
FREETYPE2_CFLAGS='-I/usr/include/freetype2 -I/usr/include/libpng16'
FREETYPE2_LIBS='-lfreetype'
GREP='/usr/bin/grep'
HAVE_LIBEV_FALSE='#'
HAVE_LIBEV_TRUE=''
INSTALL_DATA='${INSTALL} -m 644'
INSTALL_PROGRAM='${INSTALL}'
INSTALL_SCRIPT='${INSTALL}'
INSTALL_STRIP_PROGRAM='$(install_sh) -c -s'
LD='/usr/bin/ld'
LDFLAGS=''
LIBEV_CFLAGS=''
LIBEV_LIBS='-lev'
LIBOBJS=''
LIBS='-lpthread '
LIBTOOL='$(SHELL) $(top_builddir)/libtool'
LIPO=''
LN_S='ln -s'
LTLIBOBJS=''
LT_SYS_LIBRARY_PATH=''
MAKEINFO='${SHELL} /home/ian/src/libssd1306/missing makeinfo'
MANIFEST_TOOL=':'
MKDIR_P='/usr/bin/mkdir -p'
NM='/usr/bin/nm -B'
NMEDIT=''
OBJDUMP='objdump'
OBJEXT='o'
OTOOL64=''
OTOOL=''
PACKAGE='libssd1306'
PACKAGE_BUGREPORT='github@stealthylabs.com'
PACKAGE_NAME='libssd1306'
PACKAGE_STRING='libssd1306 0.6'
PACKAGE_TARNAME='libssd1306'
PACKAGE_URL=''
PACKAGE_VERSION='0.6'
PATH_SEPARATOR=':'
PKG_CONFIG='/usr/bin/pkg-config'
PKG_CONFIG_LIBDIR=''
PKG_CONFIG_PATH=''
PTHREAD_CC='gcc'
PTHREAD_CFLAGS='-pthread'
PTHREAD_LIBS='-lpthread'
RANLIB='ranlib'
SED='/usr/bin/sed'
SET_MAKE=''
SHELL='/bin/bash'
STRIP='strip'
VERSION='0.6'
ac_ct_AR='ar'
ac_ct_CC='gcc'
ac_ct_DUMPBIN=''
am__EXEEXT_FALSE=''
am__EXEEXT_TRUE='#'
am__fastdepCC_FALSE='#'
am__fastdepCC_TRUE=''
am__include='include'
am__isrc=''
am__leading_dot='.'
am__nodep='_no'
am__quote=''
am__tar='$${TAR-tar} chof - "$$tardir"'
am__untar='$${TAR-tar} xf -'
ax_pthread_config=''
bindir='${exec_prefix}/bin'
build='aarch64-unknown-linux-gnu'
build_alias=''
build_cpu='aarch64'
build_os='linux-gnu'
build_vendor='unknown'
datadir='${datarootdir}'
datarootdir='${prefix}/share'
docdir='${datarootdir}/doc/${PACKAGE_TARNAME}'
dvidir='${docdir}'
exec_prefix='${prefix}'
host='aarch64-unknown-linux-gnu'
host_alias=''
host_cpu='aarch64'
host_os='linux-gnu'
host_vendor='unknown'
htmldir='${docdir}'
includedir='${prefix}/include'
infodir='${datarootdir}/info'
install_sh='${SHELL} /home/ian/src/libssd1306/install-sh'
libdir='${exec_prefix}/lib'
libexecdir='${exec_prefix}/libexec'
localedir='${datarootdir}/locale'
localstatedir='${prefix}/var'
mandir='${datarootdir}/man'
mkdir_p='$(MKDIR_P)'
oldincludedir='/usr/include'
pdfdir='${docdir}'
prefix='/usr/local'
program_transform_name='s,x,x,'
psdir='${docdir}'
runstatedir='${localstatedir}/run'
sbindir='${exec_prefix}/sbin'
sharedstatedir='${prefix}/com'
sysconfdir='${prefix}/etc'
target_alias=''

## ----------- ##
## confdefs.h. ##
## ----------- ##

/* confdefs.h */
#define PACKAGE_NAME "libssd1306"
#define PACKAGE_TARNAME "libssd1306"
#define PACKAGE_VERSION "0.6"
#define PACKAGE_STRING "libssd1306 0.6"
#define PACKAGE_BUGREPORT "github@stealthylabs.com"
#define PACKAGE_URL ""
#define PACKAGE "libssd1306"
#define VERSION "0.6"
#define STDC_HEADERS 1
#define HAVE_SYS_TYPES_H 1
#define HAVE_SYS_STAT_H 1
#define HAVE_STDLIB_H 1
#define HAVE_STRING_H 1
#define HAVE_MEMORY_H 1
#define HAVE_STRINGS_H 1
#define HAVE_INTTYPES_H 1
#define HAVE_STDINT_H 1
#define HAVE_UNISTD_H 1
#define HAVE_DLFCN_H 1
#define LT_OBJDIR ".libs/"
#define HAVE_SYS_WAIT_H 1
#define TIME_WITH_SYS_TIME 1
#define STDC_HEADERS 1
#define HAVE_ERRNO_H 1
#define HAVE_FEATURES_H 1
#define HAVE_FCNTL_H 1
#define HAVE_INTTYPES_H 1
#define HAVE_MATH_H 1
#define HAVE_SYS_IOCTL_H 1
#define HAVE_UNISTD_H 1
#define HAVE_STDIO_H 1
#define HAVE_LINUX_I2C_DEV_H 1
#define HAVE_CTYPE_H 1
#define HAVE_SYS_STAT_H 1
#define HAVE_SYS_TYPES_H 1
#define HAVE_UINTPTR_T 1
#define HAVE_INTPTR_T 1
#define HAVE__BOOL 1
#define HAVE_STDBOOL_H 1
#define HAVE_DECL_STRERROR_R 1
#define HAVE_STRERROR_R 1
#define HAVE_MEMSET 1
#define HAVE_STRDUP 1
#define HAVE_MEMCPY 1
#define HAVE_CALLOC 1
#define HAVE_IOCTL 1
#define HAVE_LOCALTIME_R 1
#define HAVE_PTHREAD_PRIO_INHERIT 1
#define HAVE_PTHREAD 1
#define NDEBUG /**/
#define HAVE_FREETYPE2 1
#define HAVE_EV_H 1

configure: exit 0
